<?xml version="1.0" encoding="UTF-8"?>
<testsuite name="com.example.project.TestDay1" tests="3" skipped="0" failures="0" errors="0" timestamp="2025-01-10T16:22:50" hostname="codespaces-1d8831" time="0.021">
  <properties/>
  <testcase name="testGenerateElfNameHasValidSuffix()" classname="com.example.project.TestDay1" time="0.014"/>
  <testcase name="testGenerateElfNameThrowsExceptionForEmptyName()" classname="com.example.project.TestDay1" time="0.002"/>
  <testcase name="testGenerateElfNameContainsName()" classname="com.example.project.TestDay1" time="0.001"/>
  <system-out><![CDATA[]]></system-out>
  <system-err><![CDATA[]]></system-err>
</testsuite>
