<?xml version="1.0" encoding="UTF-8"?>
<testsuite name="com.example.project.TestDay4" tests="4" skipped="0" failures="0" errors="0" timestamp="2025-01-10T16:22:50" hostname="codespaces-1d8831" time="0.048">
  <properties/>
  <testcase name="testSimulateRaceLongerDuration()" classname="com.example.project.TestDay4" time="0.031"/>
  <testcase name="testSimulateSecondRunning()" classname="com.example.project.TestDay4" time="0.001"/>
  <testcase name="testReindeerCreation()" classname="com.example.project.TestDay4" time="0.002"/>
  <testcase name="testSimulateRaceWithHardcodedReindeers()" classname="com.example.project.TestDay4" time="0.001"/>
  <system-out><![CDATA[]]></system-out>
  <system-err><![CDATA[]]></system-err>
</testsuite>
