<?xml version="1.0" encoding="UTF-8"?>
<testsuite name="com.example.project.TestDay2" tests="1" skipped="0" failures="0" errors="0" timestamp="2025-01-10T16:22:50" hostname="codespaces-1d8831" time="0.001">
  <properties/>
  <testcase name="testSortNames()" classname="com.example.project.TestDay2" time="0.001"/>
  <system-out><![CDATA[]]></system-out>
  <system-err><![CDATA[]]></system-err>
</testsuite>
